<?xml version="1.0" encoding="UTF-8"?>
<!-- Generated by org.testng.reporters.JUnitReportReporter -->
<testsuite hostname="EC2AMAZ-S11DBRH" failures="0" tests="4" name="TestScript.SampleFourTest" time="0.026" errors="0" timestamp="2023-12-08T07:11:07 GMT" skipped="0">
  <testcase classname="TestScript.SampleFourTest" name="testOne" time="0.007"/>
  <system-out/>
  <testcase classname="TestScript.SampleFourTest" name="testTwo" time="0.010"/>
  <system-out/>
  <testcase classname="TestScript.SampleFourTest" name="testThree" time="0.005"/>
  <system-out/>
  <testcase classname="TestScript.SampleFourTest" name="testFour" time="0.004"/>
  <system-out/>
</testsuite> <!-- TestScript.SampleFourTest -->
