<?xml version="1.0" encoding="UTF-8"?>
<!-- Generated by org.testng.reporters.JUnitReportReporter -->
<testsuite hostname="EC2AMAZ-S11DBRH" failures="0" tests="1" name="TestScript.LoginTest" time="130.752" errors="0" timestamp="2023-12-12T06:15:18 GMT" skipped="0">
  <testcase classname="TestScript.LoginTest" name="validLogin" time="130.752"/>
  <system-out/>
</testsuite> <!-- TestScript.LoginTest -->
