<?xml version="1.0" encoding="UTF-8"?>
<!-- Generated by org.testng.reporters.JUnitReportReporter -->
<testsuite hostname="EC2AMAZ-S11DBRH" failures="0" tests="9" name="ParrallelScripts.SampleThreeTest" time="0.067" errors="0" timestamp="2023-12-11T04:29:07 GMT" skipped="0">
  <testcase classname="ParrallelScripts.SampleThreeTest" name="TestThree" time="0.008"/>
  <system-out/>
  <testcase classname="ParrallelScripts.SampleThreeTest" name="Testfour" time="0.003"/>
  <system-out/>
  <testcase classname="ParrallelScripts.SampleThreeTest" name="TestTwo" time="0.003"/>
  <system-out/>
  <testcase classname="ParrallelScripts.SampleThreeTest" name="TestThree" time="0.009"/>
  <system-out/>
  <testcase classname="ParrallelScripts.SampleThreeTest" name="TestThree" time="0.015"/>
  <system-out/>
  <testcase classname="ParrallelScripts.SampleThreeTest" name="TestThree" time="0.008"/>
  <system-out/>
  <testcase classname="ParrallelScripts.SampleThreeTest" name="TestOne" time="0.012"/>
  <system-out/>
  <testcase classname="ParrallelScripts.SampleThreeTest" name="TestThree" time="0.007"/>
  <system-out/>
  <testcase classname="ParrallelScripts.SampleThreeTest" name="TestThree" time="0.002"/>
  <system-out/>
</testsuite> <!-- ParrallelScripts.SampleThreeTest -->
