<?xml version="1.0" encoding="UTF-8"?>
<!-- Generated by org.testng.reporters.JUnitReportReporter -->
<testsuite hostname="EC2AMAZ-S11DBRH" failures="0" tests="2" name="TestScript.SampleThreeTest" time="0.028" errors="0" timestamp="2023-12-08T07:11:07 GMT" skipped="0">
  <testcase classname="TestScript.SampleThreeTest" name="testOne" time="0.003"/>
  <system-out/>
  <testcase classname="TestScript.SampleThreeTest" name="testFour" time="0.025"/>
  <system-out/>
</testsuite> <!-- TestScript.SampleThreeTest -->
