<?xml version="1.0" encoding="UTF-8"?>
<!-- Generated by org.testng.reporters.JUnitReportReporter -->
<testsuite hostname="EC2AMAZ-S11DBRH" failures="0" tests="4" name="ParrallelScripts.SampleOneTest" time="0.019" errors="0" timestamp="2023-12-11T04:13:52 GMT" skipped="0">
  <testcase classname="ParrallelScripts.SampleOneTest" name="TestTwo" time="0.002"/>
  <system-out/>
  <testcase classname="ParrallelScripts.SampleOneTest" name="TestOne" time="0.002"/>
  <system-out/>
  <testcase classname="ParrallelScripts.SampleOneTest" name="TestFour" time="0.012"/>
  <system-out/>
  <testcase classname="ParrallelScripts.SampleOneTest" name="TestThree" time="0.003"/>
  <system-out/>
</testsuite> <!-- ParrallelScripts.SampleOneTest -->
