<?xml version="1.0" encoding="UTF-8"?>
<!-- Generated by org.testng.reporters.JUnitReportReporter -->
<testsuite hostname="EC2AMAZ-S11DBRH" failures="0" tests="1" name="TestScript.GoogleTestPage" time="3.643" errors="0" timestamp="2023-12-08T04:58:30 GMT" skipped="0">
  <testcase classname="TestScript.GoogleTestPage" name="JavaSearchTest" time="3.643"/>
  <system-out/>
</testsuite> <!-- TestScript.GoogleTestPage -->
