<?xml version="1.0" encoding="UTF-8"?>
<!-- Generated by org.testng.reporters.JUnitReportReporter -->
<testsuite hostname="EC2AMAZ-S11DBRH" failures="0" tests="4" name="ParrallelScripts.SampleFourTest" time="0.017" errors="0" timestamp="2023-12-11T04:13:52 GMT" skipped="0">
  <testcase classname="ParrallelScripts.SampleFourTest" name="TestOne" time="0.011"/>
  <system-out/>
  <testcase classname="ParrallelScripts.SampleFourTest" name="Testfour" time="0.003"/>
  <system-out/>
  <testcase classname="ParrallelScripts.SampleFourTest" name="TestTwo" time="0.002"/>
  <system-out/>
  <testcase classname="ParrallelScripts.SampleFourTest" name="Testthree" time="0.001"/>
  <system-out/>
</testsuite> <!-- ParrallelScripts.SampleFourTest -->
